<?xml version="1.0" encoding="utf-8"?><testsuites name="pytest tests"><testsuite name="pytest" errors="0" failures="0" skipped="0" tests="16" time="12.795" timestamp="2026-05-15T22:00:57.954095+00:00" hostname="agent-env-aeaa5d00-090d-435b-ad24-c78ef197972d"><testcase classname="backend.tests.test_bensavahti_api" name="test_health" time="0.194" /><testcase classname="backend.tests.test_bensavahti_api" name="test_meta" time="0.060" /><testcase classname="backend.tests.test_bensavahti_api" name="test_seed_idempotent" time="0.056" /><testcase classname="backend.tests.test_bensavahti_api" name="test_history_95E10_30days" time="0.056" /><testcase classname="backend.tests.test_bensavahti_api" name="test_history_diesel_90days" time="0.056" /><testcase classname="backend.tests.test_bensavahti_api" name="test_history_invalid_fuel" time="0.053" /><testcase classname="backend.tests.test_bensavahti_api" name="test_factors" time="0.288" /><testcase classname="backend.tests.test_bensavahti_api" name="test_predict_latest_95E10" time="0.055" /><testcase classname="backend.tests.test_bensavahti_api" name="test_predict_latest_diesel" time="0.050" /><testcase classname="backend.tests.test_bensavahti_api" name="test_regional_95E10" time="0.058" /><testcase classname="backend.tests.test_bensavahti_api" name="test_regional_diesel" time="0.061" /><testcase classname="backend.tests.test_bensavahti_api" name="test_accuracy" time="0.057" /><testcase classname="backend.tests.test_bensavahti_api" name="test_current_prices_95E10" time="3.765" /><testcase classname="backend.tests.test_bensavahti_api" name="test_predict_run_95E10" time="6.783" /><testcase classname="backend.tests.test_bensavahti_api" name="test_predict_latest_after_run" time="1.055" /><testcase classname="backend.tests.test_bensavahti_api" name="test_predict_run_invalid_fuel" time="0.054" /></testsuite></testsuites>